[debug] [2023-11-24T06:47:22.321Z] ----------------------------------------------------------------------
[debug] [2023-11-24T06:47:22.323Z] Command:       C:\Program Files\nodejs\node.exe C:\Users\sheha\AppData\Roaming\npm\node_modules\firebase-tools\lib\bin\firebase.js apps:create android barter_project_2023 (android) --package-name=com.example.barter_project_2023 --json --project=barter-3bd92
[debug] [2023-11-24T06:47:22.323Z] CLI Version:   12.4.0
[debug] [2023-11-24T06:47:22.323Z] Platform:      win32
[debug] [2023-11-24T06:47:22.323Z] Node Version:  v18.16.0
[debug] [2023-11-24T06:47:22.324Z] Time:          Fri Nov 24 2023 08:47:22 GMT+0200 (Eastern European Standard Time)
[debug] [2023-11-24T06:47:22.324Z] ----------------------------------------------------------------------
[debug] 
[debug] [2023-11-24T06:47:22.329Z] > command requires scopes: ["email","openid","https://www.googleapis.com/auth/cloudplatformprojects.readonly","https://www.googleapis.com/auth/firebase","https://www.googleapis.com/auth/cloud-platform"]
[debug] [2023-11-24T06:47:22.330Z] > authorizing via signed-in user (shehabhy1@gmail.com)
[info] Create your ANDROID app in project barter-3bd92:
[debug] [2023-11-24T06:47:22.333Z] >>> [apiv2][query] POST https://firebase.googleapis.com/v1beta1/projects/barter-3bd92/androidApps [none]
[debug] [2023-11-24T06:47:22.333Z] >>> [apiv2][body] POST https://firebase.googleapis.com/v1beta1/projects/barter-3bd92/androidApps {"displayName":"barter_project_2023 (android)","packageName":"com.example.barter_project_2023"}
[debug] [2023-11-24T06:47:23.511Z] <<< [apiv2][status] POST https://firebase.googleapis.com/v1beta1/projects/barter-3bd92/androidApps 409
[debug] [2023-11-24T06:47:23.511Z] <<< [apiv2][body] POST https://firebase.googleapis.com/v1beta1/projects/barter-3bd92/androidApps {"error":{"code":409,"message":"Requested entity already exists","status":"ALREADY_EXISTS"}}
[debug] [2023-11-24T06:47:23.512Z] HTTP Error: 409, Requested entity already exists
[debug] [2023-11-24T06:47:23.514Z] FirebaseError: HTTP Error: 409, Requested entity already exists
    at responseToError (C:\Users\sheha\AppData\Roaming\npm\node_modules\firebase-tools\lib\responseToError.js:49:12)
    at RetryOperation._fn (C:\Users\sheha\AppData\Roaming\npm\node_modules\firebase-tools\lib\apiv2.js:288:77)
    at process.processTicksAndRejections (node:internal/process/task_queues:95:5)
[error] 
[error] Error: Failed to create Android app for project barter-3bd92. See firebase-debug.log for more info.
